
>>> Starting Improved Obsidian Vault Generation...

+ Vault structure created at c:\Users\Chrisi\Documents\GitHub\FemPrompt_SozArb\SozArb_Vault
+ Loaded metadata for 261 papers

[Papers] Processing 16 papers...
  + summary_Alliance_2024_Incubating...
  + summary_Chisca_2024_Prompting...
  + summary_Gengler_2024_Faires...
  + summary_Gengler__2024_Faires...
  + summary_Gohar_2023_Survey...
  + summary_J__skel_inen_2025_Intersectional...
  + summary_Jääskeläinen_2025_Intersectional...
  + summary_Project_2024_Intersectionality...
  + summary_Santy_2023_NLPositionality...
  + summary_Sant_2024_power...
  + summary_Shah_2025_Gender...
  + summary_Shin_2024_prompt...
  + summary_Smith_2021_When...
  + summary_Unknown_XXXX_feminist...
  + summary_Women_2024_Artificial...
  + summary_Wudel_2025_What...

[Concepts] Creating concept notes (min frequency: 2)...
  + Created 25 concept notes
  + Skipped 15 rare concepts (mentioned only once)

[MOCs] Creating Maps of Content...

>>> Vault generation complete!
>>> Statistics:
    - Papers: 16
    - Concepts created: 25
    - Concepts skipped: 15
    - Total unique concepts found: 40
>>> Open c:\Users\Chrisi\Documents\GitHub\FemPrompt_SozArb\SozArb_Vault in Obsidian to explore your knowledge graph

