# Deterministischer Risiko-Bericht für: AI___Intersectionality__A_Toolkit_For_Fairness___I.md
# Analyse-Datum: 2025-08-04T22:54:43.616989
---
file_stats:
  characters: 52232
  words: 7157
  lines: 847

structural_noise:
  has_yaml_frontmatter: True
  image_placeholders: 52233
  table_lines: 27

content_sensitivity:
  total_triggers: 191
  trigger_details:
    bias: 84
    discrimination: 12
    racism: 7
    sexism: 4
    ableism: 3
    colonialism: 2
    inequality: 1
    inequalities: 11
    marginalised: 17
    marginalized: 1
    oppression: 1
    fraud: 7
    scandal: 7
    xenophobic: 2
    fairness: 32

risk_assessment:
  risk_level: HOCH
  risk_score: 6
  risk_factors: ['hohe Zeichenanzahl (>40k)', 'viele HTML-Kommentare', 'sehr hohe Dichte sensibler Schlüsselwörter (>50)']

