# Deterministischer Risiko-Bericht für: Can_prompt_modifiers_control_bias__A_comparative_a.md
# Analyse-Datum: 2025-08-04T22:54:43.633622
---
file_stats:
  characters: 65991
  words: 8683
  lines: 427

structural_noise:
  has_yaml_frontmatter: True
  image_placeholders: 65992
  table_lines: 115

content_sensitivity:
  total_triggers: 87
  trigger_details:
    bias: 75
    racism: 1
    inequalities: 1
    oppression: 2
    fairness: 8

risk_assessment:
  risk_level: HOCH
  risk_score: 6
  risk_factors: ['hohe Zeichenanzahl (>40k)', 'viele HTML-Kommentare', 'sehr hohe Dichte sensibler Schlüsselwörter (>50)']

