# Deterministischer Risiko-Bericht für: Challenging_systematic_prejudices__an_Investigatio.md
# Analyse-Datum: 2025-08-04T22:54:43.650238
---
file_stats:
  characters: 52212
  words: 7164
  lines: 414

structural_noise:
  has_yaml_frontmatter: True
  image_placeholders: 52213
  table_lines: 0

content_sensitivity:
  total_triggers: 93
  trigger_details:
    bias: 67
    discrimination: 7
    inequality: 1
    inequalities: 2
    marginalized: 1
    fairness: 15

risk_assessment:
  risk_level: HOCH
  risk_score: 6
  risk_factors: ['hohe Zeichenanzahl (>40k)', 'viele HTML-Kommentare', 'sehr hohe Dichte sensibler Schlüsselwörter (>50)']

