# Deterministischer Risiko-Bericht für: Feminist_reflections_for_the_development_of_Artifi.md
# Analyse-Datum: 2025-08-04T22:54:43.716967
---
file_stats:
  characters: 67486
  words: 10346
  lines: 462

structural_noise:
  has_yaml_frontmatter: True
  image_placeholders: 67487
  table_lines: 1

content_sensitivity:
  total_triggers: 40
  trigger_details:
    bias: 14
    discrimination: 6
    racism: 1
    colonialism: 1
    inequalities: 1
    marginalized: 1
    oppression: 16

risk_assessment:
  risk_level: HOCH
  risk_score: 4
  risk_factors: ['hohe Zeichenanzahl (>40k)', 'viele HTML-Kommentare', 'erhöhte Dichte sensibler Schlüsselwörter (>15)']

