# Deterministischer Risiko-Bericht für: PreciseDebias__An_automatic_prompt_engineering_app.md
# Analyse-Datum: 2025-08-04T22:54:43.837767
---
file_stats:
  characters: 43365
  words: 6619
  lines: 525

structural_noise:
  has_yaml_frontmatter: True
  image_placeholders: 43366
  table_lines: 18

content_sensitivity:
  total_triggers: 49
  trigger_details:
    bias: 38
    discrimination: 1
    fairness: 10

risk_assessment:
  risk_level: HOCH
  risk_score: 4
  risk_factors: ['hohe Zeichenanzahl (>40k)', 'viele HTML-Kommentare', 'erhöhte Dichte sensibler Schlüsselwörter (>15)']

