# Deterministischer Risiko-Bericht für: The_power_of_prompts__Evaluating_and_mitigating_ge.md
# Analyse-Datum: 2025-08-04T22:54:43.886957
---
file_stats:
  characters: 138975
  words: 19213
  lines: 918

structural_noise:
  has_yaml_frontmatter: True
  image_placeholders: 138976
  table_lines: 91

content_sensitivity:
  total_triggers: 97
  trigger_details:
    bias: 94
    inequalities: 2
    fairness: 1

risk_assessment:
  risk_level: HOCH
  risk_score: 6
  risk_factors: ['hohe Zeichenanzahl (>40k)', 'viele HTML-Kommentare', 'sehr hohe Dichte sensibler Schlüsselwörter (>50)']

