# Deterministischer Risiko-Bericht für: When_Good_Algorithms_Go_Sexist__Why_and_How_to_Adv.md
# Analyse-Datum: 2025-08-04T22:54:43.950250
---
file_stats:
  characters: 143107
  words: 19590
  lines: 612

structural_noise:
  has_yaml_frontmatter: True
  image_placeholders: 143108
  table_lines: 39

content_sensitivity:
  total_triggers: 37
  trigger_details:
    bias: 22
    discrimination: 5
    marginalized: 2
    fairness: 8

risk_assessment:
  risk_level: HOCH
  risk_score: 4
  risk_factors: ['hohe Zeichenanzahl (>40k)', 'viele HTML-Kommentare', 'erhöhte Dichte sensibler Schlüsselwörter (>15)']

