2025-08-06 12:45:50,742 - INFO - Starting enhanced PDF downloader
2025-08-06 12:45:50,769 - INFO - Processing 36 items with URLs
2025-08-06 12:45:50,769 - INFO - Output directory: all_pdf
2025-08-06 12:45:51,383 - INFO - Already exists (valid): Faires KI-Prompting – Ein Leitfaden für Unternehme.pdf
2025-08-06 12:45:51,892 - INFO - [1/36] [OK] Faires KI-Prompting – Ein Leitfaden für Unternehmen
2025-08-06 12:45:51,894 - INFO -     Strategy: direct_pdf
2025-08-06 12:45:53,809 - INFO - Already exists (valid): Can prompt modifiers control bias_ A comparative a.pdf
2025-08-06 12:45:53,909 - INFO - Already exists (valid): NLPositionality_ Characterizing design biases of d.pdf
2025-08-06 12:45:54,081 - INFO - [2/36] [FAIL] PreciseDebias: An automatic prompt engineering approach for 
2025-08-06 12:45:54,312 - INFO - [3/36] [OK] Can prompt modifiers control bias? A comparative analysis of
2025-08-06 12:45:54,319 - INFO -     Strategy: html_parsing
2025-08-06 12:45:54,414 - INFO - [4/36] [OK] NLPositionality: Characterizing design biases of datasets an
2025-08-06 12:45:54,417 - INFO -     Strategy: html_parsing
2025-08-06 12:45:57,388 - INFO - [5/36] [FAIL] Inclusive prompt engineering: A methodology for hacking bias
2025-08-06 12:45:59,059 - INFO - [6/36] [FAIL] Female perspectives on algorithmic bias: Implications for AI
2025-08-06 12:45:59,090 - INFO - Already exists (valid): Intersectional analysis of visual generative AI_ T.pdf
2025-08-06 12:45:59,598 - INFO - [7/36] [OK] Intersectional analysis of visual generative AI: The case of
2025-08-06 12:45:59,601 - INFO -     Strategy: html_parsing
2025-08-06 12:46:01,802 - INFO - Already exists (valid): Gender bias in artificial intelligence_ Empowering.pdf
2025-08-06 12:46:01,809 - INFO - Already exists (valid): AI Gender Bias, Disparities, and Fairness_ Does Tr.pdf
2025-08-06 12:46:02,309 - INFO - [8/36] [OK] Gender bias in artificial intelligence: Empowering women thr
2025-08-06 12:46:02,310 - INFO -     Strategy: html_parsing
2025-08-06 12:46:02,315 - INFO - [9/36] [OK] AI Gender Bias, Disparities, and Fairness: Does Training Dat
2025-08-06 12:46:02,317 - INFO -     Strategy: html_parsing
2025-08-06 12:46:02,737 - INFO - Already exists (valid): What is Feminist AI.pdf
2025-08-06 12:46:03,239 - INFO - [10/36] [OK] What is Feminist AI?
2025-08-06 12:46:03,242 - INFO -     Strategy: direct_pdf
2025-08-06 12:46:04,126 - INFO - [11/36] [FAIL] How to Create Inclusive AI Images: A Guide to Bias-Free Prom
2025-08-06 12:46:05,835 - INFO - [12/36] [FAIL] Feminist Perspectives on AI: Ethical Considerations in Algor
2025-08-06 12:46:07,417 - INFO - [13/36] [FAIL] Tech workers' perspectives on ethical issues in AI developme
2025-08-06 12:46:10,038 - INFO - [14/36] [FAIL] Data feminism for AI
2025-08-06 12:46:11,058 - WARNING - Received HTML instead of PDF: Recommendation on the Ethics of Artificial Intelli.pdf
2025-08-06 12:46:11,571 - INFO - [15/36] [FAIL] Recommendation on the Ethics of Artificial Intelligence
2025-08-06 12:46:12,031 - INFO - Already exists (valid): Incubating Feminist AI_ Executive Summary 2021-202.pdf
2025-08-06 12:46:12,541 - INFO - [16/36] [OK] Incubating Feminist AI: Executive Summary 2021-2024
2025-08-06 12:46:12,541 - INFO -     Strategy: html_parsing
2025-08-06 12:46:13,146 - INFO - [17/36] [FAIL] Artificial Intelligence and gender equality
2025-08-06 12:46:15,680 - INFO - [18/36] [FAIL] Factoring the matrix of domination: A critical review and re
2025-08-06 12:46:16,117 - INFO - [19/36] [FAIL] Measuring gender and racial biases in large language models:
2025-08-06 12:46:17,087 - INFO - Already exists (valid): Gender, race, and intersectional bias in AI resume.pdf
2025-08-06 12:46:17,590 - INFO - [20/36] [OK] Gender, race, and intersectional bias in AI resume screening
2025-08-06 12:46:17,593 - INFO -     Strategy: crossref_api
2025-08-06 12:46:18,145 - INFO - [21/36] [FAIL] Feminist AI: Critical Perspectives on Algorithms, Data, and 
2025-08-06 12:46:18,459 - INFO - Already exists (valid): Prompting fairness_ Learning prompts for debiasing.pdf
2025-08-06 12:46:18,966 - INFO - [22/36] [OK] Prompting fairness: Learning prompts for debiasing large lan
2025-08-06 12:46:18,966 - INFO -     Strategy: html_parsing
2025-08-06 12:46:21,067 - INFO - [23/36] [FAIL] Bias and fairness in large language models: A survey
2025-08-06 12:46:21,879 - INFO - Already exists (valid): Generative AI and opportunities for feminist class.pdf
2025-08-06 12:46:21,879 - INFO - Already exists (valid): The power of prompts_ Evaluating and mitigating ge.pdf
2025-08-06 12:46:22,382 - INFO - [24/36] [OK] The power of prompts: Evaluating and mitigating gender bias 
2025-08-06 12:46:22,382 - INFO -     Strategy: html_parsing
2025-08-06 12:46:22,382 - INFO - [25/36] [OK] Generative AI and opportunities for feminist classroom assig
2025-08-06 12:46:22,389 - INFO -     Strategy: html_parsing
2025-08-06 12:46:24,121 - INFO - Already exists (valid): Feminist reflections for the development of Artifi.pdf
2025-08-06 12:46:24,629 - INFO - [26/36] [OK] Feminist reflections for the development of Artificial Intel
2025-08-06 12:46:24,629 - INFO -     Strategy: html_parsing
2025-08-06 12:46:25,505 - INFO - [27/36] [FAIL] Gender und KI-Anwendungen. Trägt KI zum Genderproblem oder z
2025-08-06 12:46:25,726 - INFO - [28/36] [FAIL] Shaping feminist artificial intelligence
2025-08-06 12:46:29,013 - INFO - [29/36] [FAIL] Intersektionalität
2025-08-06 12:46:31,934 - WARNING - Some characters could not be decoded, and were replaced with REPLACEMENT CHARACTER.
2025-08-06 12:46:32,518 - INFO - [30/36] [FAIL] ARTIFICIAL INTELLIGENCE and GENDER EQUALITY
2025-08-06 12:46:33,026 - INFO - Already exists (valid): Faires KIPrompting – Ein Leitfaden für Unternehmen.pdf
2025-08-06 12:46:33,528 - INFO - [31/36] [OK] Faires KIPrompting – Ein Leitfaden für Unternehmen. BSP Busi
2025-08-06 12:46:33,530 - INFO -     Strategy: direct_pdf
2025-08-06 12:46:34,786 - INFO - Already exists (valid): When Good Algorithms Go Sexist_ Why and How to Adv.pdf
2025-08-06 12:46:35,288 - INFO - [32/36] [OK] When Good Algorithms Go Sexist: Why and How to Advance AI Ge
2025-08-06 12:46:35,290 - INFO -     Strategy: html_parsing
2025-08-06 12:46:35,709 - INFO - Already exists (valid): AI & Intersectionality_ A Toolkit For Fairness & I.pdf
2025-08-06 12:46:36,050 - INFO - Already exists (valid): feminist AI _ ACADEMY.pdf
2025-08-06 12:46:36,217 - INFO - [33/36] [OK] AI & Intersectionality: A Toolkit For Fairness & Inclusion
2025-08-06 12:46:36,219 - INFO -     Strategy: direct_pdf
2025-08-06 12:46:36,552 - INFO - [34/36] [OK] feminist AI | ACADEMY
2025-08-06 12:46:36,552 - INFO -     Strategy: html_parsing
2025-08-06 12:46:36,933 - INFO - Already exists (valid): Intersectionality in Artificial Intelligence_ Fram.pdf
2025-08-06 12:46:37,434 - INFO - [35/36] [OK] Intersectionality in Artificial Intelligence: Framing Concer
2025-08-06 12:46:37,434 - INFO -     Strategy: direct_pdf
2025-08-06 12:47:09,546 - INFO - [36/36] [FAIL] Challenging systematic prejudices: an Investigation into Gen
2025-08-06 12:47:09,549 - INFO - Saved 17 failed URLs to all_pdf\failed_urls.json
2025-08-06 12:56:50,315 - INFO - Starting enhanced PDF downloader
2025-08-06 12:56:50,317 - INFO - Loaded 43 items from zotero_vereinfacht.json
2025-08-06 12:56:50,317 - INFO - Processing 36 items with URLs
2025-08-06 12:56:50,317 - INFO - Output directory: all_pdf
2025-08-06 12:56:50,571 - INFO - Already exists (valid): Faires KI-Prompting – Ein Leitfaden für Unternehme.pdf
2025-08-06 12:56:51,072 - INFO - [1/36] [OK] Faires KI-Prompting – Ein Leitfaden für Unternehmen
2025-08-06 12:56:51,072 - INFO -     Strategy: direct_pdf
2025-08-06 12:56:52,348 - INFO - Already exists (valid): NLPositionality_ Characterizing design biases of d.pdf
2025-08-06 12:56:52,619 - INFO - [2/36] [FAIL] PreciseDebias: An automatic prompt engineering approach for 
2025-08-06 12:56:52,745 - INFO - Already exists (valid): Can prompt modifiers control bias_ A comparative a.pdf
2025-08-06 12:56:52,851 - INFO - [3/36] [OK] NLPositionality: Characterizing design biases of datasets an
2025-08-06 12:56:52,854 - INFO -     Strategy: semantic_scholar
2025-08-06 12:56:53,248 - INFO - [4/36] [OK] Can prompt modifiers control bias? A comparative analysis of
2025-08-06 12:56:53,248 - INFO -     Strategy: html_parsing
2025-08-06 12:56:55,063 - INFO - [5/36] [FAIL] Inclusive prompt engineering: A methodology for hacking bias
2025-08-06 12:56:56,552 - INFO - [6/36] [FAIL] Female perspectives on algorithmic bias: Implications for AI
2025-08-06 12:56:56,674 - INFO - Already exists (valid): Intersectional analysis of visual generative AI_ T.pdf
2025-08-06 12:56:57,055 - INFO - Already exists (valid): Gender bias in artificial intelligence_ Empowering.pdf
2025-08-06 12:56:57,180 - INFO - [7/36] [OK] Intersectional analysis of visual generative AI: The case of
2025-08-06 12:56:57,180 - INFO -     Strategy: html_parsing
2025-08-06 12:56:57,559 - INFO - [8/36] [OK] Gender bias in artificial intelligence: Empowering women thr
2025-08-06 12:56:57,559 - INFO -     Strategy: html_parsing
2025-08-06 12:56:57,702 - INFO - Already exists (valid): AI Gender Bias, Disparities, and Fairness_ Does Tr.pdf
2025-08-06 12:56:58,215 - INFO - [9/36] [OK] AI Gender Bias, Disparities, and Fairness: Does Training Dat
2025-08-06 12:56:58,216 - INFO -     Strategy: html_parsing
2025-08-06 12:56:58,417 - INFO - Already exists (valid): What is Feminist AI.pdf
2025-08-06 12:56:58,928 - INFO - [10/36] [OK] What is Feminist AI?
2025-08-06 12:56:58,928 - INFO -     Strategy: direct_pdf
2025-08-06 12:57:00,084 - INFO - [11/36] [FAIL] How to Create Inclusive AI Images: A Guide to Bias-Free Prom
2025-08-06 12:57:00,470 - INFO - [12/36] [FAIL] Feminist Perspectives on AI: Ethical Considerations in Algor
2025-08-06 12:57:03,135 - INFO - [13/36] [FAIL] Tech workers' perspectives on ethical issues in AI developme
2025-08-06 12:57:03,187 - INFO - [14/36] [FAIL] Artificial Intelligence and gender equality
2025-08-06 12:57:03,625 - WARNING - Received HTML instead of PDF: Recommendation on the Ethics of Artificial Intelli.pdf
2025-08-06 12:57:03,709 - INFO - [15/36] [FAIL] Data feminism for AI
2025-08-06 12:57:04,127 - INFO - [16/36] [FAIL] Recommendation on the Ethics of Artificial Intelligence
2025-08-06 12:57:06,715 - INFO - [17/36] [FAIL] Factoring the matrix of domination: A critical review and re
2025-08-06 12:57:06,740 - INFO - Already exists (valid): Incubating Feminist AI_ Executive Summary 2021-202.pdf
2025-08-06 12:57:06,804 - INFO - [18/36] [FAIL] Measuring gender and racial biases in large language models:
2025-08-06 12:57:07,254 - INFO - [19/36] [OK] Incubating Feminist AI: Executive Summary 2021-2024
2025-08-06 12:57:07,257 - INFO -     Strategy: html_parsing
2025-08-06 12:57:08,897 - INFO - [20/36] [FAIL] Feminist AI: Critical Perspectives on Algorithms, Data, and 
2025-08-06 12:57:09,308 - INFO - Already exists (valid): Prompting fairness_ Learning prompts for debiasing.pdf
2025-08-06 12:57:09,816 - INFO - [21/36] [OK] Prompting fairness: Learning prompts for debiasing large lan
2025-08-06 12:57:09,818 - INFO -     Strategy: html_parsing
2025-08-06 12:57:10,034 - INFO - Already exists (valid): Gender, race, and intersectional bias in AI resume.pdf
2025-08-06 12:57:10,539 - INFO - [22/36] [OK] Gender, race, and intersectional bias in AI resume screening
2025-08-06 12:57:10,540 - INFO -     Strategy: crossref_api
2025-08-06 12:57:11,915 - INFO - Already exists (valid): Generative AI and opportunities for feminist class.pdf
2025-08-06 12:57:12,042 - INFO - [23/36] [FAIL] Bias and fairness in large language models: A survey
2025-08-06 12:57:12,425 - INFO - [24/36] [OK] Generative AI and opportunities for feminist classroom assig
2025-08-06 12:57:12,425 - INFO -     Strategy: html_parsing
2025-08-06 12:57:12,578 - INFO - Already exists (valid): The power of prompts_ Evaluating and mitigating ge.pdf
2025-08-06 12:57:13,082 - INFO - [25/36] [OK] The power of prompts: Evaluating and mitigating gender bias 
2025-08-06 12:57:13,082 - INFO -     Strategy: html_parsing
2025-08-06 12:57:14,873 - INFO - Already exists (valid): Feminist reflections for the development of Artifi.pdf
2025-08-06 12:57:15,375 - INFO - [26/36] [OK] Feminist reflections for the development of Artificial Intel
2025-08-06 12:57:15,375 - INFO -     Strategy: semantic_scholar
2025-08-06 12:57:15,560 - INFO - [27/36] [FAIL] Gender und KI-Anwendungen. Trägt KI zum Genderproblem oder z
2025-08-06 12:57:15,805 - INFO - [28/36] [FAIL] Shaping feminist artificial intelligence
2025-08-06 12:57:17,880 - INFO - Already exists (valid): Challenging systematic prejudices_ an Investigatio.pdf
2025-08-06 12:57:18,384 - INFO - [29/36] [OK] Challenging systematic prejudices: an Investigation into Gen
2025-08-06 12:57:18,384 - INFO -     Strategy: direct_pdf
2025-08-06 12:57:19,403 - INFO - [30/36] [FAIL] Intersektionalität
2025-08-06 12:57:19,932 - WARNING - Some characters could not be decoded, and were replaced with REPLACEMENT CHARACTER.
2025-08-06 12:57:20,041 - INFO - Already exists (valid): Faires KIPrompting – Ein Leitfaden für Unternehmen.pdf
2025-08-06 12:57:20,575 - INFO - [31/36] [OK] Faires KIPrompting – Ein Leitfaden für Unternehmen. BSP Busi
2025-08-06 12:57:20,577 - INFO -     Strategy: direct_pdf
2025-08-06 12:57:20,589 - INFO - [32/36] [FAIL] ARTIFICIAL INTELLIGENCE and GENDER EQUALITY
2025-08-06 12:57:20,799 - INFO - Already exists (valid): AI & Intersectionality_ A Toolkit For Fairness & I.pdf
2025-08-06 12:57:21,318 - INFO - [33/36] [OK] AI & Intersectionality: A Toolkit For Fairness & Inclusion
2025-08-06 12:57:21,318 - INFO -     Strategy: direct_pdf
2025-08-06 12:57:21,993 - INFO - Already exists (valid): Intersectionality in Artificial Intelligence_ Fram.pdf
2025-08-06 12:57:22,499 - INFO - [34/36] [OK] Intersectionality in Artificial Intelligence: Framing Concer
2025-08-06 12:57:22,502 - INFO -     Strategy: direct_pdf
2025-08-06 12:57:22,774 - INFO - Already exists (valid): feminist AI _ ACADEMY.pdf
2025-08-06 12:57:23,277 - INFO - [35/36] [OK] feminist AI | ACADEMY
2025-08-06 12:57:23,278 - INFO -     Strategy: html_parsing
2025-08-06 12:57:23,432 - INFO - Already exists (valid): When Good Algorithms Go Sexist_ Why and How to Adv.pdf
2025-08-06 12:57:23,940 - INFO - [36/36] [OK] When Good Algorithms Go Sexist: Why and How to Advance AI Ge
2025-08-06 12:57:23,940 - INFO -     Strategy: html_parsing
2025-08-06 12:57:23,947 - INFO - Saved 16 failed URLs to all_pdf\failed_urls.json
2025-08-06 13:01:02,233 - INFO - Starting enhanced PDF downloader
2025-08-06 13:01:02,233 - INFO - Loaded 43 items from zotero_vereinfacht.json
2025-08-06 13:01:02,233 - INFO - Processing 36 items with URLs
2025-08-06 13:01:02,233 - INFO - Output directory: all_pdf
2025-08-06 13:01:02,507 - INFO - Already exists (valid): Faires KI-Prompting – Ein Leitfaden für Unternehme.pdf
2025-08-06 13:01:03,008 - INFO - [1/36] [OK] Faires KI-Prompting – Ein Leitfaden für Unternehmen
2025-08-06 13:01:03,008 - INFO -     Strategy: direct_pdf
2025-08-06 13:01:04,306 - INFO - Already exists (valid): NLPositionality_ Characterizing design biases of d.pdf
2025-08-06 13:01:04,846 - INFO - [2/36] [OK] NLPositionality: Characterizing design biases of datasets an
2025-08-06 13:01:04,848 - INFO -     Strategy: semantic_scholar
2025-08-06 13:01:04,998 - INFO - Already exists (valid): Can prompt modifiers control bias_ A comparative a.pdf
2025-08-06 13:01:05,206 - INFO - [3/36] [FAIL] PreciseDebias: An automatic prompt engineering approach for 
2025-08-06 13:01:05,501 - INFO - [4/36] [OK] Can prompt modifiers control bias? A comparative analysis of
2025-08-06 13:01:05,501 - INFO -     Strategy: html_parsing
2025-08-06 13:01:07,526 - INFO - [5/36] [FAIL] Inclusive prompt engineering: A methodology for hacking bias
2025-08-06 13:01:09,032 - INFO - Already exists (valid): Intersectional analysis of visual generative AI_ T.pdf
2025-08-06 13:01:09,071 - INFO - [6/36] [FAIL] Female perspectives on algorithmic bias: Implications for AI
2025-08-06 13:01:09,487 - INFO - Already exists (valid): Gender bias in artificial intelligence_ Empowering.pdf
2025-08-06 13:01:09,538 - INFO - [7/36] [OK] Intersectional analysis of visual generative AI: The case of
2025-08-06 13:01:09,541 - INFO -     Strategy: html_parsing
2025-08-06 13:01:09,989 - INFO - [8/36] [OK] Gender bias in artificial intelligence: Empowering women thr
2025-08-06 13:01:09,991 - INFO -     Strategy: html_parsing
2025-08-06 13:01:10,579 - INFO - Already exists (valid): AI Gender Bias, Disparities, and Fairness_ Does Tr.pdf
2025-08-06 13:01:11,364 - INFO - Already exists (valid): What is Feminist AI.pdf
2025-08-06 13:01:16,520 - WARNING - Received HTML instead of PDF: Recommendation on the Ethics of Artificial Intelli.pdf
2025-08-06 13:01:18,374 - INFO - Already exists (valid): Incubating Feminist AI_ Executive Summary 2021-202.pdf
2025-08-06 13:01:21,691 - INFO - Already exists (valid): Gender, race, and intersectional bias in AI resume.pdf
2025-08-06 13:01:22,432 - INFO - Already exists (valid): Prompting fairness_ Learning prompts for debiasing.pdf
2025-08-06 13:01:25,317 - INFO - Already exists (valid): Generative AI and opportunities for feminist class.pdf
2025-08-06 13:01:25,921 - INFO - Already exists (valid): The power of prompts_ Evaluating and mitigating ge.pdf
2025-08-06 13:01:27,459 - INFO - Already exists (valid): Feminist reflections for the development of Artifi.pdf
2025-08-06 13:01:28,566 - INFO - Already exists (valid): Challenging systematic prejudices_ an Investigatio.pdf
2025-08-06 13:01:32,570 - INFO - Already exists (valid): Faires KIPrompting – Ein Leitfaden für Unternehmen.pdf
2025-08-06 13:01:33,215 - WARNING - Some characters could not be decoded, and were replaced with REPLACEMENT CHARACTER.
2025-08-06 13:01:34,066 - INFO - Already exists (valid): When Good Algorithms Go Sexist_ Why and How to Adv.pdf
2025-08-06 13:01:34,110 - INFO - Already exists (valid): AI & Intersectionality_ A Toolkit For Fairness & I.pdf
2025-08-06 13:01:35,198 - INFO - Already exists (valid): Intersectionality in Artificial Intelligence_ Fram.pdf
2025-08-06 13:01:35,411 - INFO - Already exists (valid): feminist AI _ ACADEMY.pdf
2025-08-06 13:04:00,805 - INFO - Starting enhanced PDF downloader
2025-08-06 13:04:00,805 - INFO - Loaded 43 items from zotero_vereinfacht.json
2025-08-06 13:04:00,805 - INFO - Processing 36 items with URLs
2025-08-06 13:04:00,805 - INFO - Output directory: all_pdf
2025-08-06 13:04:01,099 - INFO - Already exists (valid): Faires KI-Prompting – Ein Leitfaden für Unternehme.pdf
2025-08-06 13:04:01,602 - INFO - [1/36] [OK] Faires KI-Prompting – Ein Leitfaden für Unternehmen
2025-08-06 13:04:01,605 - INFO -     Strategy: direct_pdf
2025-08-06 13:04:03,275 - INFO - Already exists (valid): NLPositionality_ Characterizing design biases of d.pdf
2025-08-06 13:04:03,605 - INFO - [2/36] [FAIL] PreciseDebias: An automatic prompt engineering approach for 
2025-08-06 13:04:03,720 - INFO - Already exists (valid): Can prompt modifiers control bias_ A comparative a.pdf
2025-08-06 13:04:03,779 - INFO - [3/36] [OK] NLPositionality: Characterizing design biases of datasets an
2025-08-06 13:04:03,782 - INFO -     Strategy: semantic_scholar
2025-08-06 13:04:04,222 - INFO - [4/36] [OK] Can prompt modifiers control bias? A comparative analysis of
2025-08-06 13:04:04,222 - INFO -     Strategy: html_parsing
2025-08-06 13:04:06,044 - INFO - [5/36] [FAIL] Inclusive prompt engineering: A methodology for hacking bias
2025-08-06 13:04:07,490 - INFO - [6/36] [FAIL] Female perspectives on algorithmic bias: Implications for AI
2025-08-06 13:04:07,997 - INFO - Already exists (valid): Intersectional analysis of visual generative AI_ T.pdf
2025-08-06 13:04:08,419 - INFO - Already exists (valid): Gender bias in artificial intelligence_ Empowering.pdf
2025-08-06 13:04:08,499 - INFO - [7/36] [OK] Intersectional analysis of visual generative AI: The case of
2025-08-06 13:04:08,502 - INFO -     Strategy: html_parsing
2025-08-06 13:04:08,934 - INFO - [8/36] [OK] Gender bias in artificial intelligence: Empowering women thr
2025-08-06 13:04:08,934 - INFO -     Strategy: html_parsing
2025-08-06 13:04:09,009 - INFO - Already exists (valid): AI Gender Bias, Disparities, and Fairness_ Does Tr.pdf
2025-08-06 13:04:09,511 - INFO - [9/36] [OK] AI Gender Bias, Disparities, and Fairness: Does Training Dat
2025-08-06 13:04:09,513 - INFO -     Strategy: html_parsing
2025-08-06 13:04:09,710 - INFO - Already exists (valid): What is Feminist AI.pdf
2025-08-06 13:04:10,217 - INFO - [10/36] [OK] What is Feminist AI?
2025-08-06 13:04:10,218 - INFO -     Strategy: direct_pdf
2025-08-06 13:04:10,851 - INFO - [11/36] [FAIL] How to Create Inclusive AI Images: A Guide to Bias-Free Prom
2025-08-06 13:04:11,913 - INFO - [12/36] [FAIL] Artificial Intelligence and gender equality
2025-08-06 13:04:12,063 - INFO - [13/36] [FAIL] Feminist Perspectives on AI: Ethical Considerations in Algor
2025-08-06 13:04:15,401 - INFO - [14/36] [FAIL] Tech workers' perspectives on ethical issues in AI developme
2025-08-06 13:04:15,610 - INFO - [15/36] [FAIL] Data feminism for AI
2025-08-06 13:04:15,768 - INFO - Already exists (valid): Incubating Feminist AI_ Executive Summary 2021-202.pdf
2025-08-06 13:04:15,965 - WARNING - Received HTML instead of PDF: Recommendation on the Ethics of Artificial Intelli.pdf
2025-08-06 13:04:16,281 - INFO - [16/36] [OK] Incubating Feminist AI: Executive Summary 2021-2024
2025-08-06 13:04:16,282 - INFO -     Strategy: html_parsing
2025-08-06 13:04:16,470 - INFO - [17/36] [FAIL] Recommendation on the Ethics of Artificial Intelligence
2025-08-06 13:04:18,112 - INFO - [18/36] [FAIL] Measuring gender and racial biases in large language models:
2025-08-06 13:04:18,957 - INFO - [19/36] [FAIL] Factoring the matrix of domination: A critical review and re
2025-08-06 13:04:20,130 - INFO - [20/36] [FAIL] Feminist AI: Critical Perspectives on Algorithms, Data, and 
2025-08-06 13:04:21,648 - INFO - Already exists (valid): Gender, race, and intersectional bias in AI resume.pdf
2025-08-06 13:04:22,155 - INFO - [21/36] [OK] Gender, race, and intersectional bias in AI resume screening
2025-08-06 13:04:22,159 - INFO -     Strategy: crossref_api
2025-08-06 13:04:22,299 - INFO - Already exists (valid): Prompting fairness_ Learning prompts for debiasing.pdf
2025-08-06 13:04:22,805 - INFO - [22/36] [OK] Prompting fairness: Learning prompts for debiasing large lan
2025-08-06 13:04:22,807 - INFO -     Strategy: html_parsing
2025-08-06 13:04:23,201 - INFO - [23/36] [FAIL] Bias and fairness in large language models: A survey
2025-08-06 13:04:25,010 - INFO - Already exists (valid): Generative AI and opportunities for feminist class.pdf
2025-08-06 13:04:25,519 - INFO - [24/36] [OK] Generative AI and opportunities for feminist classroom assig
2025-08-06 13:04:25,522 - INFO -     Strategy: html_parsing
2025-08-06 13:04:26,768 - INFO - Already exists (valid): Feminist reflections for the development of Artifi.pdf
2025-08-06 13:04:27,099 - INFO - Already exists (valid): The power of prompts_ Evaluating and mitigating ge.pdf
2025-08-06 13:04:27,273 - INFO - [25/36] [OK] Feminist reflections for the development of Artificial Intel
2025-08-06 13:04:27,277 - INFO -     Strategy: semantic_scholar
2025-08-06 13:04:27,605 - INFO - [26/36] [OK] The power of prompts: Evaluating and mitigating gender bias 
2025-08-06 13:04:27,607 - INFO -     Strategy: html_parsing
2025-08-06 13:04:28,149 - INFO - [27/36] [FAIL] Shaping feminist artificial intelligence
2025-08-06 13:04:29,621 - INFO - [28/36] [FAIL] Gender und KI-Anwendungen. Trägt KI zum Genderproblem oder z
2025-08-06 13:04:33,023 - INFO - [29/36] [FAIL] Intersektionalität
2025-08-06 13:04:33,722 - WARNING - Some characters could not be decoded, and were replaced with REPLACEMENT CHARACTER.
2025-08-06 13:04:34,388 - INFO - [30/36] [FAIL] ARTIFICIAL INTELLIGENCE and GENDER EQUALITY
2025-08-06 13:04:34,644 - INFO - Already exists (valid): Faires KIPrompting – Ein Leitfaden für Unternehmen.pdf
2025-08-06 13:04:35,149 - INFO - [31/36] [OK] Faires KIPrompting – Ein Leitfaden für Unternehmen. BSP Busi
2025-08-06 13:04:35,149 - INFO -     Strategy: direct_pdf
2025-08-06 13:04:38,219 - INFO - Already exists (valid): feminist AI _ ACADEMY.pdf
2025-08-06 13:04:38,432 - INFO - Already exists (valid): When Good Algorithms Go Sexist_ Why and How to Adv.pdf
2025-08-06 13:04:38,722 - INFO - [32/36] [OK] feminist AI | ACADEMY
2025-08-06 13:04:38,726 - INFO -     Strategy: html_parsing
2025-08-06 13:04:38,935 - INFO - [33/36] [OK] When Good Algorithms Go Sexist: Why and How to Advance AI Ge
2025-08-06 13:04:38,935 - INFO -     Strategy: html_parsing
2025-08-06 13:04:38,952 - INFO - Already exists (valid): AI & Intersectionality_ A Toolkit For Fairness & I.pdf
2025-08-06 13:04:39,414 - INFO - Already exists (valid): Intersectionality in Artificial Intelligence_ Fram.pdf
2025-08-06 13:04:39,460 - INFO - [34/36] [OK] AI & Intersectionality: A Toolkit For Fairness & Inclusion
2025-08-06 13:04:39,462 - INFO -     Strategy: direct_pdf
2025-08-06 13:04:39,920 - INFO - [35/36] [OK] Intersectionality in Artificial Intelligence: Framing Concer
2025-08-06 13:04:39,920 - INFO -     Strategy: direct_pdf
2025-08-06 13:05:13,611 - WARNING - Some characters could not be decoded, and were replaced with REPLACEMENT CHARACTER.
2025-08-06 13:05:18,190 - INFO - Starting enhanced PDF downloader
2025-08-06 13:05:18,190 - INFO - Fetching data from Zotero group library: 6080294
2025-08-06 13:05:22,849 - INFO - Fetched 148 total items from Zotero
2025-08-06 13:05:22,849 - INFO - Found 66 items with URLs
2025-08-06 13:05:22,860 - INFO - Saved backup to: zotero_backup_1754478322.json
2025-08-06 13:05:22,860 - INFO - Processing 66 items with URLs
2025-08-06 13:05:22,860 - INFO - Output directory: all_pdf
2025-08-06 13:05:26,096 - INFO - [1/66] [FAIL] Feminist Data Set
2025-08-06 13:05:26,304 - INFO - Already exists (valid): Feminist reflections for the development of artifi.pdf
2025-08-06 13:05:26,816 - INFO - [2/66] [OK] Feminist reflections for the development of artificial intel
2025-08-06 13:05:26,819 - INFO -     Strategy: semantic_scholar
2025-08-06 13:05:27,452 - INFO - Downloaded: Feministische Netzpolitik und Künstliche Intellige.pdf (179 KB)
2025-08-06 13:05:27,955 - INFO - [3/66] [OK] Feministische Netzpolitik und Künstliche Intelligenz in der 
2025-08-06 13:05:27,959 - INFO -     Strategy: html_parsing
2025-08-06 13:05:29,460 - INFO - Downloaded: Data Feminism for AI.pdf (352 KB)
2025-08-06 13:05:29,961 - INFO - [4/66] [OK] Data Feminism for AI
2025-08-06 13:05:29,963 - INFO -     Strategy: html_parsing
2025-08-06 13:05:31,597 - INFO - [5/66] [FAIL] Shaping feminist artificial intelligence
2025-08-06 13:05:33,209 - INFO - Downloaded: A Survey on Intersectional Fairness in Machine Lea.pdf (270 KB)
2025-08-06 13:05:33,711 - INFO - [6/66] [OK] A Survey on Intersectional Fairness in Machine Learning: Not
2025-08-06 13:05:33,713 - INFO -     Strategy: semantic_scholar
2025-08-06 13:05:34,394 - INFO - [7/66] [FAIL] Feministische KI – Künstliche Intelligenz für alle? [Feminis
2025-08-06 13:05:37,167 - INFO - [8/66] [FAIL] AI tools show biases in ranking job applicants' names accord
2025-08-06 13:05:37,415 - INFO - [9/66] [FAIL] Keynote Summary: The New Jim Code: Reimagining the Default S
2025-08-06 13:05:39,491 - INFO - [10/66] [FAIL] Feminism Confronts AI: The Gender Relations of Digitalisatio
2025-08-06 13:05:39,970 - INFO - [11/66] [FAIL] The Algorithmic Auditing Landscape: A Social Justice Approac
2025-08-06 13:05:40,619 - INFO - Already exists (valid): Intersectionality in Artificial Intelligence_ Fram.pdf
2025-08-06 13:05:41,121 - INFO - [12/66] [OK] Intersectionality in Artificial Intelligence: Framing Concer
2025-08-06 13:05:41,126 - INFO -     Strategy: direct_pdf
2025-08-06 13:05:43,286 - INFO - [13/66] [FAIL] Operationalizing positive-constructive pedagogy to artificia
2025-08-06 13:05:46,583 - INFO - [14/66] [FAIL] Shaping feminist artificial intelligence
2025-08-06 13:05:48,627 - INFO - Already exists (valid): Intersectionality in Artificial Intelligence_ Fram.pdf
2025-08-06 13:05:49,130 - INFO - [15/66] [OK] Intersectionality in Artificial Intelligence: Framing Concer
2025-08-06 13:05:49,130 - INFO -     Strategy: semantic_scholar
2025-08-06 13:05:51,150 - INFO - Downloaded: Algorithmic Governance_ Gender Bias in AI-Generate.pdf (14781 KB)
2025-08-06 13:05:51,569 - INFO - Downloaded: Algorithmic Governance and the International Polit.pdf (153 KB)
2025-08-06 13:05:51,652 - INFO - [16/66] [OK] Algorithmic Governance: Gender Bias in AI-Generated Policyma
2025-08-06 13:05:51,654 - INFO -     Strategy: html_parsing
2025-08-06 13:05:52,072 - INFO - [17/66] [OK] Algorithmic Governance and the International Politics of Big
2025-08-06 13:05:52,072 - INFO -     Strategy: semantic_scholar
2025-08-06 13:05:52,906 - INFO - Downloaded: AI Countergovernance_ Lessons Learned from Canada.pdf (1386 KB)
2025-08-06 13:05:53,409 - INFO - [18/66] [OK] AI Countergovernance: Lessons Learned from Canada and Paris
2025-08-06 13:05:53,409 - INFO -     Strategy: html_parsing
2025-08-06 13:05:53,582 - INFO - Downloaded: Trustworthy AI and the Logics of Intersectional Re.pdf (467 KB)
2025-08-06 13:05:54,094 - INFO - [19/66] [OK] Trustworthy AI and the Logics of Intersectional Resistance
2025-08-06 13:05:54,097 - INFO -     Strategy: semantic_scholar
2025-08-06 13:05:56,487 - INFO - [20/66] [FAIL] Investigating AI systems: examining data and algorithmic bia
2025-08-06 13:05:57,088 - INFO - Downloaded: An empirical study of structural social and ethica.pdf (2827 KB)
2025-08-06 13:05:57,592 - INFO - [21/66] [OK] An empirical study of structural social and ethical challeng
2025-08-06 13:05:57,592 - INFO -     Strategy: html_parsing
2025-08-06 13:05:58,854 - INFO - Downloaded: Training in Co-Creation as a Methodological Approa.pdf (973 KB)
2025-08-06 13:05:59,366 - INFO - [22/66] [OK] Training in Co-Creation as a Methodological Approach to Impr
2025-08-06 13:05:59,372 - INFO -     Strategy: direct_pdf
2025-08-06 13:05:59,771 - INFO - Downloaded: Artificial Intelligence in a Structurally Unjust S.pdf (553 KB)
2025-08-06 13:06:00,010 - INFO - Already exists (valid): Intersectional analysis of visual generative AI_ t.pdf
2025-08-06 13:06:00,275 - INFO - [23/66] [OK] Artificial Intelligence in a Structurally Unjust Society
2025-08-06 13:06:00,278 - INFO -     Strategy: semantic_scholar
2025-08-06 13:06:00,516 - INFO - [24/66] [OK] Intersectional analysis of visual generative AI: the case of
2025-08-06 13:06:00,519 - INFO -     Strategy: html_parsing
2025-08-06 13:06:01,083 - INFO - Downloaded: Fairness Beyond the Algorithmic Frame_ Actionable.pdf (572 KB)
2025-08-06 13:06:01,169 - INFO - Downloaded: Factoring the Matrix of Domination_ A Critical Rev.pdf (718 KB)
2025-08-06 13:06:01,587 - INFO - [25/66] [OK] Fairness Beyond the Algorithmic Frame: Actionable Recommenda
2025-08-06 13:06:01,589 - INFO -     Strategy: direct_pdf
2025-08-06 13:06:01,675 - INFO - [26/66] [OK] Factoring the Matrix of Domination: A Critical Review and Re
2025-08-06 13:06:01,676 - INFO -     Strategy: direct_pdf
2025-08-06 13:06:02,060 - INFO - Already exists (valid): Data Feminism for AI.pdf
2025-08-06 13:06:02,245 - INFO - Downloaded: Artificial Intelligence and Structural Injustice.pdf (252 KB)
2025-08-06 13:06:02,564 - INFO - [27/66] [OK] Data Feminism for AI
2025-08-06 13:06:02,570 - INFO -     Strategy: direct_pdf
2025-08-06 13:06:02,749 - INFO - [28/66] [OK] Artificial Intelligence and Structural Injustice: Foundation
2025-08-06 13:06:02,749 - INFO -     Strategy: semantic_scholar
2025-08-06 13:06:02,951 - INFO - Already exists (valid): What is Feminist AI.pdf
2025-08-06 13:06:03,458 - INFO - [29/66] [OK] What is Feminist AI?
2025-08-06 13:06:03,458 - INFO -     Strategy: direct_pdf
2025-08-06 13:06:03,655 - INFO - Already exists (valid): Faires KI-Prompting – Ein Leitfaden für Unternehme.pdf
2025-08-06 13:06:04,161 - INFO - [30/66] [OK] Faires KI-Prompting – Ein Leitfaden für Unternehmen
2025-08-06 13:06:04,164 - INFO -     Strategy: direct_pdf
2025-08-06 13:06:04,434 - INFO - Downloaded: Towards a Feminist Metaethics of AI.pdf (379 KB)
2025-08-06 13:06:04,941 - INFO - [31/66] [OK] Towards a Feminist Metaethics of AI
2025-08-06 13:06:04,941 - INFO -     Strategy: html_parsing
2025-08-06 13:06:04,999 - INFO - [32/66] [FAIL] PreciseDebias: An automatic prompt engineering approach for 
2025-08-06 13:06:05,934 - INFO - Already exists (valid): NLPositionality_ Characterizing design biases of d.pdf
2025-08-06 13:06:06,232 - INFO - Already exists (valid): Can prompt modifiers control bias_ A comparative a.pdf
2025-08-06 13:06:06,437 - INFO - [33/66] [OK] NLPositionality: Characterizing design biases of datasets an
2025-08-06 13:06:06,440 - INFO -     Strategy: semantic_scholar
2025-08-06 13:06:06,735 - INFO - [34/66] [OK] Can prompt modifiers control bias? A comparative analysis of
2025-08-06 13:06:06,737 - INFO -     Strategy: html_parsing
2025-08-06 13:06:07,538 - INFO - [35/66] [FAIL] Inclusive prompt engineering: A methodology for hacking bias
2025-08-06 13:06:09,437 - INFO - Already exists (valid): Intersectional analysis of visual generative AI_ T.pdf
2025-08-06 13:06:09,962 - INFO - [36/66] [OK] Intersectional analysis of visual generative AI: The case of
2025-08-06 13:06:09,987 - INFO -     Strategy: crossref_api
2025-08-06 13:06:10,291 - INFO - Already exists (valid): Gender bias in artificial intelligence_ Empowering.pdf
2025-08-06 13:06:10,794 - INFO - [37/66] [OK] Gender bias in artificial intelligence: Empowering women thr
2025-08-06 13:06:10,794 - INFO -     Strategy: html_parsing
2025-08-06 13:06:11,196 - INFO - [38/66] [FAIL] Female perspectives on algorithmic bias: Implications for AI
2025-08-06 13:06:11,492 - INFO - Already exists (valid): AI Gender Bias, Disparities, and Fairness_ Does Tr.pdf
2025-08-06 13:06:11,996 - INFO - [39/66] [OK] AI Gender Bias, Disparities, and Fairness: Does Training Dat
2025-08-06 13:06:11,999 - INFO -     Strategy: html_parsing
2025-08-06 13:06:12,229 - INFO - Already exists (valid): What is Feminist AI.pdf
2025-08-06 13:06:12,731 - INFO - [40/66] [OK] What is Feminist AI?
2025-08-06 13:06:12,734 - INFO -     Strategy: direct_pdf
2025-08-06 13:06:13,416 - INFO - [41/66] [FAIL] How to Create Inclusive AI Images: A Guide to Bias-Free Prom
2025-08-06 13:06:14,541 - INFO - [42/66] [FAIL] Feminist Perspectives on AI: Ethical Considerations in Algor
2025-08-06 13:06:17,297 - INFO - [43/66] [FAIL] Tech workers' perspectives on ethical issues in AI developme
2025-08-06 13:06:17,592 - INFO - [44/66] [FAIL] Data feminism for AI
2025-08-06 13:06:17,730 - INFO - [45/66] [FAIL] Artificial Intelligence and gender equality
2025-08-06 13:06:18,265 - WARNING - Received HTML instead of PDF: Recommendation on the Ethics of Artificial Intelli.pdf
2025-08-06 13:06:18,781 - INFO - [46/66] [FAIL] Recommendation on the Ethics of Artificial Intelligence
2025-08-06 13:06:20,893 - INFO - Already exists (valid): Incubating Feminist AI_ Executive Summary 2021-202.pdf
2025-08-06 13:06:20,964 - INFO - [47/66] [FAIL] Measuring gender and racial biases in large language models:
2025-08-06 13:06:20,967 - INFO - [48/66] [FAIL] Factoring the matrix of domination: A critical review and re
2025-08-06 13:06:21,397 - INFO - [49/66] [OK] Incubating Feminist AI: Executive Summary 2021-2024
2025-08-06 13:06:21,397 - INFO -     Strategy: html_parsing
2025-08-06 13:06:23,352 - INFO - [50/66] [FAIL] Feminist AI: Critical Perspectives on Algorithms, Data, and 
2025-08-06 13:06:23,701 - INFO - Already exists (valid): Prompting fairness_ Learning prompts for debiasing.pdf
2025-08-06 13:06:24,206 - INFO - [51/66] [OK] Prompting fairness: Learning prompts for debiasing large lan
2025-08-06 13:06:24,210 - INFO -     Strategy: html_parsing
2025-08-06 13:06:24,210 - INFO - Already exists (valid): Gender, race, and intersectional bias in AI resume.pdf
2025-08-06 13:06:24,716 - INFO - [52/66] [OK] Gender, race, and intersectional bias in AI resume screening
2025-08-06 13:06:24,716 - INFO -     Strategy: crossref_api
2025-08-06 13:06:26,663 - INFO - [53/66] [FAIL] Bias and fairness in large language models: A survey
2025-08-06 13:06:26,719 - INFO - Already exists (valid): Generative AI and opportunities for feminist class.pdf
2025-08-06 13:06:26,855 - INFO - Already exists (valid): The power of prompts_ Evaluating and mitigating ge.pdf
2025-08-06 13:06:27,227 - INFO - [54/66] [OK] Generative AI and opportunities for feminist classroom assig
2025-08-06 13:06:27,227 - INFO -     Strategy: html_parsing
2025-08-06 13:06:27,357 - INFO - [55/66] [OK] The power of prompts: Evaluating and mitigating gender bias 
2025-08-06 13:06:27,360 - INFO -     Strategy: html_parsing
2025-08-06 13:06:29,465 - INFO - Already exists (valid): Feminist reflections for the development of Artifi.pdf
2025-08-06 13:06:29,879 - INFO - [56/66] [FAIL] Shaping feminist artificial intelligence
2025-08-06 13:06:29,974 - INFO - [57/66] [OK] Feminist reflections for the development of Artificial Intel
2025-08-06 13:06:29,974 - INFO -     Strategy: semantic_scholar
2025-08-06 13:06:30,022 - INFO - [58/66] [FAIL] Gender und KI-Anwendungen. Trägt KI zum Genderproblem oder z
2025-08-06 13:06:34,209 - INFO - [59/66] [FAIL] Intersektionalität
2025-08-06 13:06:34,336 - WARNING - Some characters could not be decoded, and were replaced with REPLACEMENT CHARACTER.
2025-08-06 13:06:34,918 - INFO - [60/66] [FAIL] ARTIFICIAL INTELLIGENCE and GENDER EQUALITY
2025-08-06 13:06:35,474 - INFO - Already exists (valid): Faires KIPrompting – Ein Leitfaden für Unternehmen.pdf
2025-08-06 13:06:35,977 - INFO - [61/66] [OK] Faires KIPrompting – Ein Leitfaden für Unternehmen. BSP Busi
2025-08-06 13:06:35,977 - INFO -     Strategy: direct_pdf
2025-08-06 13:06:38,446 - INFO - Already exists (valid): feminist AI _ ACADEMY.pdf
2025-08-06 13:06:38,968 - INFO - [62/66] [OK] feminist AI | ACADEMY
2025-08-06 13:06:38,982 - INFO -     Strategy: html_parsing
2025-08-06 13:06:39,208 - INFO - Already exists (valid): AI & Intersectionality_ A Toolkit For Fairness & I.pdf
2025-08-06 13:06:39,423 - INFO - Already exists (valid): When Good Algorithms Go Sexist_ Why and How to Adv.pdf
2025-08-06 13:06:39,709 - INFO - [63/66] [OK] AI & Intersectionality: A Toolkit For Fairness & Inclusion
2025-08-06 13:06:39,709 - INFO -     Strategy: direct_pdf
2025-08-06 13:06:39,926 - INFO - [64/66] [OK] When Good Algorithms Go Sexist: Why and How to Advance AI Ge
2025-08-06 13:06:39,926 - INFO -     Strategy: html_parsing
2025-08-06 13:06:40,392 - INFO - Already exists (valid): Intersectionality in Artificial Intelligence_ Fram.pdf
2025-08-06 13:06:40,897 - INFO - [65/66] [OK] Intersectionality in Artificial Intelligence: Framing Concer
2025-08-06 13:06:40,897 - INFO -     Strategy: direct_pdf
2025-08-06 13:07:00,705 - WARNING - Some characters could not be decoded, and were replaced with REPLACEMENT CHARACTER.
2025-08-06 13:07:01,277 - INFO - [66/66] [FAIL] Challenging systematic prejudices: an Investigation into Gen
2025-08-06 13:07:01,279 - INFO - Saved 27 failed URLs to all_pdf\failed_urls.json
